app/build123/intermediates/manifest_merge_blame_file/debug/processDebugMainManifest/manifest-merger-blame-debug-report.txt
1<?xml version="1.0" encoding="utf-8"?>
2<manifest xmlns:android="http://schemas.android.com/apk/res/android"
3    package="com.matriapp.mobile"
4    android:versionCode="55"
5    android:versionName="1.0.56" >
6
7    <uses-sdk
8        android:minSdkVersion="26"
9        android:targetSdkVersion="34" />
10
11    <uses-permission android:name="android.permission.INTERNET" />
11-->src\main\AndroidManifest.xml:5:5-67
11-->src\main\AndroidManifest.xml:5:22-64
12    <uses-permission android:name="android.permission.ACCESS_NETWORK_STATE" />
12-->src\main\AndroidManifest.xml:6:5-79
12-->src\main\AndroidManifest.xml:6:22-76
13    <uses-permission android:name="android.permission.CAMERA" />
13-->src\main\AndroidManifest.xml:7:5-65
13-->src\main\AndroidManifest.xml:7:22-62
14
15    <uses-feature android:name="android.hardware.camera" />
15-->src\main\AndroidManifest.xml:9:5-60
15-->src\main\AndroidManifest.xml:9:19-57
16    <uses-feature android:name="android.hardware.camera.autofocus" />
16-->src\main\AndroidManifest.xml:10:5-70
16-->src\main\AndroidManifest.xml:10:19-67
17
18    <uses-permission android:name="android.permission.ACCESS_FINE_LOCATION" />
18-->src\main\AndroidManifest.xml:11:5-79
18-->src\main\AndroidManifest.xml:11:22-76
19    <uses-permission android:name="android.permission.ACCESS_COARSE_LOCATION" />
19-->src\main\AndroidManifest.xml:12:5-81
19-->src\main\AndroidManifest.xml:12:22-78
20    <uses-permission android:name="com.google.android.providers.gsf.permission.READ_GSERVICES" /> <!-- App hardware permission -->
20-->src\main\AndroidManifest.xml:13:5-98
20-->src\main\AndroidManifest.xml:13:22-95
21    <queries>
21-->src\main\AndroidManifest.xml:14:5-18:15
22        <intent>
22-->src\main\AndroidManifest.xml:15:9-17:18
23            <action android:name="android.media.action.IMAGE_CAPTURE" />
23-->src\main\AndroidManifest.xml:16:13-73
23-->src\main\AndroidManifest.xml:16:21-70
24        </intent>
25        <!-- Needs to be explicitly declared on Android R+ -->
26        <package android:name="com.google.android.apps.maps" />
26-->[com.google.android.gms:play-services-maps:19.0.0] AndroidManifest.xml:33:9-64
26-->[com.google.android.gms:play-services-maps:19.0.0] AndroidManifest.xml:33:18-61
27    </queries>
28
29    <!-- Devices running Android 12L (API level 32) or lower -->
30    <uses-permission
30-->src\main\AndroidManifest.xml:22:5-107
31        android:name="android.permission.READ_EXTERNAL_STORAGE"
31-->src\main\AndroidManifest.xml:22:22-77
32        android:maxSdkVersion="32" />
32-->src\main\AndroidManifest.xml:22:78-104
33
34    <!-- Devices running Android 13 (API level 33) or higher -->
35    <uses-permission android:name="android.permission.READ_MEDIA_IMAGES" />
35-->src\main\AndroidManifest.xml:25:5-76
35-->src\main\AndroidManifest.xml:25:22-73
36    <uses-permission android:name="android.permission.READ_MEDIA_VIDEO" />
36-->src\main\AndroidManifest.xml:26:5-75
36-->src\main\AndroidManifest.xml:26:22-72
37
38    <!--
39         To handle the reselection within the app on devices running Android 14
40         or higher if your app targets Android 14 (API level 34) or higher.
41    -->
42    <uses-permission android:name="android.permission.READ_MEDIA_VISUAL_USER_SELECTED" />
42-->src\main\AndroidManifest.xml:30:5-90
42-->src\main\AndroidManifest.xml:30:22-87
43    <uses-permission android:name="android.permission.POST_NOTIFICATIONS" />
43-->src\main\AndroidManifest.xml:32:5-76
43-->src\main\AndroidManifest.xml:32:22-74
44    <uses-permission android:name="android.permission.ACCESS_WIFI_STATE" />
44-->[com.google.android.libraries.places:places:4.1.0] AndroidManifest.xml:11:5-76
44-->[com.google.android.libraries.places:places:4.1.0] AndroidManifest.xml:11:22-73
45    <uses-permission android:name="android.permission.WAKE_LOCK" /> <!-- Required by older versions of Google Play services to create IID tokens -->
45-->[com.google.firebase:firebase-messaging:24.1.0] AndroidManifest.xml:24:5-68
45-->[com.google.firebase:firebase-messaging:24.1.0] AndroidManifest.xml:24:22-65
46    <uses-permission android:name="com.google.android.c2dm.permission.RECEIVE" />
46-->[com.google.firebase:firebase-messaging:24.1.0] AndroidManifest.xml:26:5-82
46-->[com.google.firebase:firebase-messaging:24.1.0] AndroidManifest.xml:26:22-79
47    <uses-permission android:name="com.google.android.gms.permission.AD_ID" />
47-->[com.google.android.gms:play-services-measurement-api:22.2.0] AndroidManifest.xml:25:5-79
47-->[com.google.android.gms:play-services-measurement-api:22.2.0] AndroidManifest.xml:25:22-76
48    <uses-permission android:name="android.permission.ACCESS_ADSERVICES_ATTRIBUTION" />
48-->[com.google.android.gms:play-services-measurement-api:22.2.0] AndroidManifest.xml:26:5-88
48-->[com.google.android.gms:play-services-measurement-api:22.2.0] AndroidManifest.xml:26:22-85
49    <uses-permission android:name="android.permission.ACCESS_ADSERVICES_AD_ID" />
49-->[com.google.android.gms:play-services-measurement-api:22.2.0] AndroidManifest.xml:27:5-82
49-->[com.google.android.gms:play-services-measurement-api:22.2.0] AndroidManifest.xml:27:22-79
50
51    <uses-feature
51-->[com.google.android.gms:play-services-maps:19.0.0] AndroidManifest.xml:26:5-28:35
52        android:glEsVersion="0x00020000"
52-->[com.google.android.gms:play-services-maps:19.0.0] AndroidManifest.xml:27:9-41
53        android:required="true" />
53-->[com.google.android.gms:play-services-maps:19.0.0] AndroidManifest.xml:28:9-32
54
55    <uses-permission android:name="com.google.android.finsky.permission.BIND_GET_INSTALL_REFERRER_SERVICE" />
55-->[com.google.android.gms:play-services-measurement:22.2.0] AndroidManifest.xml:26:5-110
55-->[com.google.android.gms:play-services-measurement:22.2.0] AndroidManifest.xml:26:22-107
56
57    <permission
57-->[androidx.core:core:1.15.0] AndroidManifest.xml:22:5-24:47
58        android:name="com.matriapp.mobile.DYNAMIC_RECEIVER_NOT_EXPORTED_PERMISSION"
58-->[androidx.core:core:1.15.0] AndroidManifest.xml:23:9-81
59        android:protectionLevel="signature" />
59-->[androidx.core:core:1.15.0] AndroidManifest.xml:24:9-44
60
61    <uses-permission android:name="com.matriapp.mobile.DYNAMIC_RECEIVER_NOT_EXPORTED_PERMISSION" />
61-->[androidx.core:core:1.15.0] AndroidManifest.xml:26:5-97
61-->[androidx.core:core:1.15.0] AndroidManifest.xml:26:22-94
62
63    <application
63-->src\main\AndroidManifest.xml:35:5-697:19
64        android:name="com.matriapp.mobile.application.MyApplication"
64-->src\main\AndroidManifest.xml:36:9-50
65        android:allowBackup="true"
65-->src\main\AndroidManifest.xml:37:9-35
66        android:appComponentFactory="androidx.core.app.CoreComponentFactory"
66-->[androidx.core:core:1.15.0] AndroidManifest.xml:28:18-86
67        android:debuggable="true"
68        android:extractNativeLibs="false"
69        android:icon="@mipmap/ic_launcher_round"
69-->src\main\AndroidManifest.xml:38:9-49
70        android:label="@string/app_name"
70-->src\main\AndroidManifest.xml:39:9-41
71        android:largeHeap="true"
71-->src\main\AndroidManifest.xml:40:9-33
72        android:requestLegacyExternalStorage="true"
72-->src\main\AndroidManifest.xml:41:9-52
73        android:supportsRtl="true"
73-->src\main\AndroidManifest.xml:42:9-35
74        android:theme="@style/AppTheme"
74-->src\main\AndroidManifest.xml:43:9-40
75        android:usesCleartextTraffic="true" >
75-->src\main\AndroidManifest.xml:44:9-44
76        <activity
76-->src\main\AndroidManifest.xml:45:9-48:60
77            android:name="com.matriapp.mobile.activities.ProfileVerificationActivity"
77-->src\main\AndroidManifest.xml:46:13-67
78            android:screenOrientation="locked"
78-->src\main\AndroidManifest.xml:47:13-47
79            android:theme="@style/AppTheme.NoActionBar" />
79-->src\main\AndroidManifest.xml:48:13-56
80        <activity
80-->src\main\AndroidManifest.xml:49:9-52:72
81            android:name="com.matriapp.mobile.activities.NewWelcomeTwoActivity"
81-->src\main\AndroidManifest.xml:50:13-61
82            android:exported="false"
82-->src\main\AndroidManifest.xml:51:13-37
83            android:theme="@style/AppTheme.NoActionBar_registration" />
83-->src\main\AndroidManifest.xml:52:13-69
84        <!-- <activity -->
85        <!-- android:name=".activities.NewWelcomeActivity" -->
86        <!-- android:exported="false" -->
87        <!-- android:theme="@style/AppTheme.NoActionBar_registration" /> -->
88        <activity
88-->src\main\AndroidManifest.xml:57:9-60:68
89            android:name="com.matriapp.mobile.activities.NewWelcomeActivity"
89-->src\main\AndroidManifest.xml:58:13-58
90            android:exported="false"
90-->src\main\AndroidManifest.xml:59:13-37
91            android:theme="@style/AppTheme.TransparentStatusBar" />
91-->src\main\AndroidManifest.xml:60:13-65
92
93        <!-- <activity -->
94        <!-- android:name=".activities.Registration.RegisterWelcomeActivity" -->
95        <!-- android:exported="false" -->
96        <!-- android:theme="@style/AppTheme.NoActionBar" /> -->
97        <activity
97-->src\main\AndroidManifest.xml:66:9-69:68
98            android:name="com.matriapp.mobile.activities.Registration.RegisterWelcomeActivity"
98-->src\main\AndroidManifest.xml:67:13-76
99            android:exported="false"
99-->src\main\AndroidManifest.xml:68:13-37
100            android:theme="@style/AppTheme.TransparentStatusBar" />
100-->src\main\AndroidManifest.xml:69:13-65
101        <activity
101-->src\main\AndroidManifest.xml:74:9-77:72
102            android:name="com.matriapp.mobile.activities.Registration.RegistrationTotalChildrenActivity"
102-->src\main\AndroidManifest.xml:75:13-86
103            android:exported="false"
103-->src\main\AndroidManifest.xml:76:13-37
104            android:theme="@style/AppTheme.NoActionBar_registration" />
104-->src\main\AndroidManifest.xml:77:13-69
105        <activity
105-->src\main\AndroidManifest.xml:78:9-81:72
106            android:name="com.matriapp.mobile.activities.Registration.RegistrationChildrenStatusActivity"
106-->src\main\AndroidManifest.xml:79:13-87
107            android:exported="false"
107-->src\main\AndroidManifest.xml:80:13-37
108            android:theme="@style/AppTheme.NoActionBar_registration" />
108-->src\main\AndroidManifest.xml:81:13-69
109        <activity
109-->src\main\AndroidManifest.xml:82:9-86:58
110            android:name="com.matriapp.mobile.activities.Registration.RegistrationLastActivity"
110-->src\main\AndroidManifest.xml:83:13-77
111            android:exported="false"
111-->src\main\AndroidManifest.xml:84:13-37
112            android:theme="@style/AppTheme.NoActionBar_registration"
112-->src\main\AndroidManifest.xml:85:13-69
113            android:windowSoftInputMode="adjustResize" />
113-->src\main\AndroidManifest.xml:86:13-55
114        <activity
114-->src\main\AndroidManifest.xml:87:9-91:58
115            android:name="com.matriapp.mobile.activities.Registration.RegistrationAboutFamilyActivity"
115-->src\main\AndroidManifest.xml:88:13-84
116            android:exported="false"
116-->src\main\AndroidManifest.xml:89:13-37
117            android:theme="@style/AppTheme.NoActionBar_registration"
117-->src\main\AndroidManifest.xml:90:13-69
118            android:windowSoftInputMode="adjustResize" />
118-->src\main\AndroidManifest.xml:91:13-55
119        <activity
119-->src\main\AndroidManifest.xml:92:9-95:72
120            android:name="com.matriapp.mobile.activities.Registration.RegistrationSistersMarriedActivity"
120-->src\main\AndroidManifest.xml:93:13-87
121            android:exported="false"
121-->src\main\AndroidManifest.xml:94:13-37
122            android:theme="@style/AppTheme.NoActionBar_registration" />
122-->src\main\AndroidManifest.xml:95:13-69
123        <activity
123-->src\main\AndroidManifest.xml:96:9-99:72
124            android:name="com.matriapp.mobile.activities.Registration.RegistrationNoOfSistersActivity"
124-->src\main\AndroidManifest.xml:97:13-84
125            android:exported="false"
125-->src\main\AndroidManifest.xml:98:13-37
126            android:theme="@style/AppTheme.NoActionBar_registration" />
126-->src\main\AndroidManifest.xml:99:13-69
127        <activity
127-->src\main\AndroidManifest.xml:100:9-103:72
128            android:name="com.matriapp.mobile.activities.Registration.RegistrationBrotherMarriedActivity"
128-->src\main\AndroidManifest.xml:101:13-87
129            android:exported="false"
129-->src\main\AndroidManifest.xml:102:13-37
130            android:theme="@style/AppTheme.NoActionBar_registration" />
130-->src\main\AndroidManifest.xml:103:13-69
131        <activity
131-->src\main\AndroidManifest.xml:104:9-107:72
132            android:name="com.matriapp.mobile.activities.Registration.RegistrationNoOFBrothersActivity"
132-->src\main\AndroidManifest.xml:105:13-85
133            android:exported="false"
133-->src\main\AndroidManifest.xml:106:13-37
134            android:theme="@style/AppTheme.NoActionBar_registration" />
134-->src\main\AndroidManifest.xml:107:13-69
135        <activity
135-->src\main\AndroidManifest.xml:108:9-111:71
136            android:name="com.matriapp.mobile.activities.Registration.RegistrationFamilyDetailsActivity"
136-->src\main\AndroidManifest.xml:109:13-86
137            android:theme="@style/AppTheme.NoActionBar_registration"
137-->src\main\AndroidManifest.xml:110:13-69
138            android:windowSoftInputMode="stateVisible|adjustResize" />
138-->src\main\AndroidManifest.xml:111:13-68
139        <activity
139-->src\main\AndroidManifest.xml:112:9-115:72
140            android:name="com.matriapp.mobile.activities.Registration.RegistrationFamilyTypeActivity"
140-->src\main\AndroidManifest.xml:113:13-83
141            android:exported="false"
141-->src\main\AndroidManifest.xml:114:13-37
142            android:theme="@style/AppTheme.NoActionBar_registration" />
142-->src\main\AndroidManifest.xml:115:13-69
143        <activity
143-->src\main\AndroidManifest.xml:116:9-119:72
144            android:name="com.matriapp.mobile.activities.Registration.RegistrationFamilyStatusActivity"
144-->src\main\AndroidManifest.xml:117:13-85
145            android:exported="false"
145-->src\main\AndroidManifest.xml:118:13-37
146            android:theme="@style/AppTheme.NoActionBar_registration" />
146-->src\main\AndroidManifest.xml:119:13-69
147        <activity
147-->src\main\AndroidManifest.xml:120:9-123:72
148            android:name="com.matriapp.mobile.activities.Registration.RegistrationResidentActivity"
148-->src\main\AndroidManifest.xml:121:13-81
149            android:exported="false"
149-->src\main\AndroidManifest.xml:122:13-37
150            android:theme="@style/AppTheme.NoActionBar_registration" />
150-->src\main\AndroidManifest.xml:123:13-69
151        <activity
151-->src\main\AndroidManifest.xml:124:9-128:58
152            android:name="com.matriapp.mobile.activities.Registration.RegistrationBirthActivity"
152-->src\main\AndroidManifest.xml:125:13-78
153            android:exported="false"
153-->src\main\AndroidManifest.xml:126:13-37
154            android:theme="@style/AppTheme.NoActionBar_registration"
154-->src\main\AndroidManifest.xml:127:13-69
155            android:windowSoftInputMode="adjustResize" />
155-->src\main\AndroidManifest.xml:128:13-55
156        <activity
156-->src\main\AndroidManifest.xml:129:9-132:72
157            android:name="com.matriapp.mobile.activities.Registration.RegistrationMoonActivity"
157-->src\main\AndroidManifest.xml:130:13-77
158            android:exported="false"
158-->src\main\AndroidManifest.xml:131:13-37
159            android:theme="@style/AppTheme.NoActionBar_registration" />
159-->src\main\AndroidManifest.xml:132:13-69
160        <activity
160-->src\main\AndroidManifest.xml:133:9-136:72
161            android:name="com.matriapp.mobile.activities.Registration.RegistrationStarActivity"
161-->src\main\AndroidManifest.xml:134:13-77
162            android:exported="false"
162-->src\main\AndroidManifest.xml:135:13-37
163            android:theme="@style/AppTheme.NoActionBar_registration" />
163-->src\main\AndroidManifest.xml:136:13-69
164        <activity
164-->src\main\AndroidManifest.xml:137:9-140:72
165            android:name="com.matriapp.mobile.activities.Registration.RegistrationHoroscopeActivity"
165-->src\main\AndroidManifest.xml:138:13-82
166            android:exported="false"
166-->src\main\AndroidManifest.xml:139:13-37
167            android:theme="@style/AppTheme.NoActionBar_registration" />
167-->src\main\AndroidManifest.xml:140:13-69
168        <activity
168-->src\main\AndroidManifest.xml:141:9-144:72
169            android:name="com.matriapp.mobile.activities.Registration.RegistrationLanguageActivity"
169-->src\main\AndroidManifest.xml:142:13-81
170            android:exported="false"
170-->src\main\AndroidManifest.xml:143:13-37
171            android:theme="@style/AppTheme.NoActionBar_registration" />
171-->src\main\AndroidManifest.xml:144:13-69
172        <activity
172-->src\main\AndroidManifest.xml:145:9-149:58
173            android:name="com.matriapp.mobile.activities.Registration.RegistrationHobbyActivity"
173-->src\main\AndroidManifest.xml:146:13-78
174            android:exported="false"
174-->src\main\AndroidManifest.xml:147:13-37
175            android:theme="@style/AppTheme.NoActionBar_registration"
175-->src\main\AndroidManifest.xml:148:13-69
176            android:windowSoftInputMode="adjustResize" />
176-->src\main\AndroidManifest.xml:149:13-55
177        <activity
177-->src\main\AndroidManifest.xml:150:9-154:58
178            android:name="com.matriapp.mobile.activities.Registration.RegistrationAboutActivity"
178-->src\main\AndroidManifest.xml:151:13-78
179            android:exported="false"
179-->src\main\AndroidManifest.xml:152:13-37
180            android:theme="@style/AppTheme.NoActionBar_registration"
180-->src\main\AndroidManifest.xml:153:13-69
181            android:windowSoftInputMode="adjustResize" />
181-->src\main\AndroidManifest.xml:154:13-55
182        <activity
182-->src\main\AndroidManifest.xml:155:9-158:72
183            android:name="com.matriapp.mobile.activities.Registration.RegistrationBloodGroupActivity"
183-->src\main\AndroidManifest.xml:156:13-83
184            android:exported="false"
184-->src\main\AndroidManifest.xml:157:13-37
185            android:theme="@style/AppTheme.NoActionBar_registration" />
185-->src\main\AndroidManifest.xml:158:13-69
186        <activity
186-->src\main\AndroidManifest.xml:159:9-162:72
187            android:name="com.matriapp.mobile.activities.Registration.RegistrationDrinkingActivity"
187-->src\main\AndroidManifest.xml:160:13-81
188            android:exported="false"
188-->src\main\AndroidManifest.xml:161:13-37
189            android:theme="@style/AppTheme.NoActionBar_registration" />
189-->src\main\AndroidManifest.xml:162:13-69
190        <activity
190-->src\main\AndroidManifest.xml:163:9-166:72
191            android:name="com.matriapp.mobile.activities.Registration.RegistrationSmokingActivity"
191-->src\main\AndroidManifest.xml:164:13-80
192            android:exported="false"
192-->src\main\AndroidManifest.xml:165:13-37
193            android:theme="@style/AppTheme.NoActionBar_registration" />
193-->src\main\AndroidManifest.xml:166:13-69
194        <activity
194-->src\main\AndroidManifest.xml:167:9-170:72
195            android:name="com.matriapp.mobile.activities.Registration.RegistrationEatingActivity"
195-->src\main\AndroidManifest.xml:168:13-79
196            android:exported="false"
196-->src\main\AndroidManifest.xml:169:13-37
197            android:theme="@style/AppTheme.NoActionBar_registration" />
197-->src\main\AndroidManifest.xml:170:13-69
198        <activity
198-->src\main\AndroidManifest.xml:171:9-174:72
199            android:name="com.matriapp.mobile.activities.Registration.RegistrationWeightActivity"
199-->src\main\AndroidManifest.xml:172:13-79
200            android:exported="false"
200-->src\main\AndroidManifest.xml:173:13-37
201            android:theme="@style/AppTheme.NoActionBar_registration" />
201-->src\main\AndroidManifest.xml:174:13-69
202        <activity
202-->src\main\AndroidManifest.xml:175:9-178:72
203            android:name="com.matriapp.mobile.activities.Registration.RegistrationBodyActivity"
203-->src\main\AndroidManifest.xml:176:13-77
204            android:exported="false"
204-->src\main\AndroidManifest.xml:177:13-37
205            android:theme="@style/AppTheme.NoActionBar_registration" />
205-->src\main\AndroidManifest.xml:178:13-69
206        <activity
206-->src\main\AndroidManifest.xml:179:9-182:72
207            android:name="com.matriapp.mobile.activities.Registration.RegistrationSkinActivity"
207-->src\main\AndroidManifest.xml:180:13-77
208            android:exported="false"
208-->src\main\AndroidManifest.xml:181:13-37
209            android:theme="@style/AppTheme.NoActionBar_registration" />
209-->src\main\AndroidManifest.xml:182:13-69
210        <activity
210-->src\main\AndroidManifest.xml:183:9-186:72
211            android:name="com.matriapp.mobile.activities.Registration.RegistrationHealthActivity"
211-->src\main\AndroidManifest.xml:184:13-79
212            android:exported="false"
212-->src\main\AndroidManifest.xml:185:13-37
213            android:theme="@style/AppTheme.NoActionBar_registration" />
213-->src\main\AndroidManifest.xml:186:13-69
214        <activity
214-->src\main\AndroidManifest.xml:187:9-191:58
215            android:name="com.matriapp.mobile.activities.Registration.RegistrationAdditionProfessionActivity"
215-->src\main\AndroidManifest.xml:188:13-91
216            android:exported="false"
216-->src\main\AndroidManifest.xml:189:13-37
217            android:theme="@style/AppTheme.NoActionBar_registration"
217-->src\main\AndroidManifest.xml:190:13-69
218            android:windowSoftInputMode="adjustResize" />
218-->src\main\AndroidManifest.xml:191:13-55
219        <activity
219-->src\main\AndroidManifest.xml:192:9-195:72
220            android:name="com.matriapp.mobile.activities.Registration.RegistrationDesignationActivity"
220-->src\main\AndroidManifest.xml:193:13-84
221            android:exported="false"
221-->src\main\AndroidManifest.xml:194:13-37
222            android:theme="@style/AppTheme.NoActionBar_registration" />
222-->src\main\AndroidManifest.xml:195:13-69
223        <activity
223-->src\main\AndroidManifest.xml:196:9-199:72
224            android:name="com.matriapp.mobile.activities.Registration.RegistrationAnnualIncomeActivity"
224-->src\main\AndroidManifest.xml:197:13-85
225            android:exported="false"
225-->src\main\AndroidManifest.xml:198:13-37
226            android:theme="@style/AppTheme.NoActionBar_registration" />
226-->src\main\AndroidManifest.xml:199:13-69
227        <activity
227-->src\main\AndroidManifest.xml:200:9-203:72
228            android:name="com.matriapp.mobile.activities.Registration.RegistrationProfessionActivity"
228-->src\main\AndroidManifest.xml:201:13-83
229            android:exported="false"
229-->src\main\AndroidManifest.xml:202:13-37
230            android:theme="@style/AppTheme.NoActionBar_registration" />
230-->src\main\AndroidManifest.xml:203:13-69
231        <activity
231-->src\main\AndroidManifest.xml:204:9-207:72
232            android:name="com.matriapp.mobile.activities.Registration.RegistrationWorkingSectorActivity"
232-->src\main\AndroidManifest.xml:205:13-86
233            android:exported="false"
233-->src\main\AndroidManifest.xml:206:13-37
234            android:theme="@style/AppTheme.NoActionBar_registration" />
234-->src\main\AndroidManifest.xml:207:13-69
235        <activity
235-->src\main\AndroidManifest.xml:208:9-211:72
236            android:name="com.matriapp.mobile.activities.Registration.RegistrationHighEducationActivity"
236-->src\main\AndroidManifest.xml:209:13-86
237            android:exported="false"
237-->src\main\AndroidManifest.xml:210:13-37
238            android:theme="@style/AppTheme.NoActionBar_registration" />
238-->src\main\AndroidManifest.xml:211:13-69
239        <activity
239-->src\main\AndroidManifest.xml:212:9-215:72
240            android:name="com.matriapp.mobile.activities.Registration.RegistrationCityActivity"
240-->src\main\AndroidManifest.xml:213:13-77
241            android:exported="false"
241-->src\main\AndroidManifest.xml:214:13-37
242            android:theme="@style/AppTheme.NoActionBar_registration" />
242-->src\main\AndroidManifest.xml:215:13-69
243        <activity
243-->src\main\AndroidManifest.xml:216:9-219:72
244            android:name="com.matriapp.mobile.activities.Registration.RegistrationStateActivity"
244-->src\main\AndroidManifest.xml:217:13-78
245            android:exported="false"
245-->src\main\AndroidManifest.xml:218:13-37
246            android:theme="@style/AppTheme.NoActionBar_registration" />
246-->src\main\AndroidManifest.xml:219:13-69
247        <activity
247-->src\main\AndroidManifest.xml:220:9-223:72
248            android:name="com.matriapp.mobile.activities.Registration.RegistrationCountryActivity"
248-->src\main\AndroidManifest.xml:221:13-80
249            android:exported="false"
249-->src\main\AndroidManifest.xml:222:13-37
250            android:theme="@style/AppTheme.NoActionBar_registration" />
250-->src\main\AndroidManifest.xml:223:13-69
251        <activity
251-->src\main\AndroidManifest.xml:224:9-227:72
252            android:name="com.matriapp.mobile.activities.Registration.RegistrationPhotoActivity"
252-->src\main\AndroidManifest.xml:225:13-78
253            android:exported="false"
253-->src\main\AndroidManifest.xml:226:13-37
254            android:theme="@style/AppTheme.NoActionBar_registration" />
254-->src\main\AndroidManifest.xml:227:13-69
255        <activity
255-->src\main\AndroidManifest.xml:228:9-231:72
256            android:name="com.matriapp.mobile.activities.Registration.RegistrationPartnerActivity"
256-->src\main\AndroidManifest.xml:229:13-80
257            android:exported="false"
257-->src\main\AndroidManifest.xml:230:13-37
258            android:theme="@style/AppTheme.NoActionBar_registration" />
258-->src\main\AndroidManifest.xml:231:13-69
259        <activity
259-->src\main\AndroidManifest.xml:232:9-235:72
260            android:name="com.matriapp.mobile.activities.Registration.RegistrationMotherToungeActivity"
260-->src\main\AndroidManifest.xml:233:13-85
261            android:exported="false"
261-->src\main\AndroidManifest.xml:234:13-37
262            android:theme="@style/AppTheme.NoActionBar_registration" />
262-->src\main\AndroidManifest.xml:235:13-69
263        <activity
263-->src\main\AndroidManifest.xml:236:9-240:58
264            android:name="com.matriapp.mobile.activities.Registration.RegistrationSubCasteActivity"
264-->src\main\AndroidManifest.xml:237:13-81
265            android:exported="false"
265-->src\main\AndroidManifest.xml:238:13-37
266            android:theme="@style/AppTheme.NoActionBar_registration"
266-->src\main\AndroidManifest.xml:239:13-69
267            android:windowSoftInputMode="adjustResize" />
267-->src\main\AndroidManifest.xml:240:13-55
268        <activity
268-->src\main\AndroidManifest.xml:241:9-244:72
269            android:name="com.matriapp.mobile.activities.Registration.RegistrationCasteActivity"
269-->src\main\AndroidManifest.xml:242:13-78
270            android:exported="false"
270-->src\main\AndroidManifest.xml:243:13-37
271            android:theme="@style/AppTheme.NoActionBar_registration" />
271-->src\main\AndroidManifest.xml:244:13-69
272        <activity
272-->src\main\AndroidManifest.xml:245:9-248:72
273            android:name="com.matriapp.mobile.activities.Registration.RegistrationReligionActivity"
273-->src\main\AndroidManifest.xml:246:13-81
274            android:exported="false"
274-->src\main\AndroidManifest.xml:247:13-37
275            android:theme="@style/AppTheme.NoActionBar_registration" />
275-->src\main\AndroidManifest.xml:248:13-69
276        <activity
276-->src\main\AndroidManifest.xml:249:9-252:72
277            android:name="com.matriapp.mobile.activities.Registration.RegistrationHeightActivity"
277-->src\main\AndroidManifest.xml:250:13-79
278            android:exported="false"
278-->src\main\AndroidManifest.xml:251:13-37
279            android:theme="@style/AppTheme.NoActionBar_registration" />
279-->src\main\AndroidManifest.xml:252:13-69
280        <activity
280-->src\main\AndroidManifest.xml:253:9-256:72
281            android:name="com.matriapp.mobile.activities.Registration.RegistrationMaritalStatusActivity"
281-->src\main\AndroidManifest.xml:254:13-86
282            android:exported="false"
282-->src\main\AndroidManifest.xml:255:13-37
283            android:theme="@style/AppTheme.NoActionBar_registration" />
283-->src\main\AndroidManifest.xml:256:13-69
284        <activity
284-->src\main\AndroidManifest.xml:257:9-261:58
285            android:name="com.matriapp.mobile.activities.Registration.RegistrationEmailActivity"
285-->src\main\AndroidManifest.xml:258:13-78
286            android:exported="false"
286-->src\main\AndroidManifest.xml:259:13-37
287            android:theme="@style/AppTheme.NoActionBar_registration"
287-->src\main\AndroidManifest.xml:260:13-69
288            android:windowSoftInputMode="adjustResize" />
288-->src\main\AndroidManifest.xml:261:13-55
289        <activity
289-->src\main\AndroidManifest.xml:262:9-266:58
290            android:name="com.matriapp.mobile.activities.Registration.RegistrationMainActivity"
290-->src\main\AndroidManifest.xml:263:13-77
291            android:exported="false"
291-->src\main\AndroidManifest.xml:264:13-37
292            android:theme="@style/AppTheme.NoActionBar_registration"
292-->src\main\AndroidManifest.xml:265:13-69
293            android:windowSoftInputMode="adjustResize" />
293-->src\main\AndroidManifest.xml:266:13-55
294        <activity
294-->src\main\AndroidManifest.xml:267:9-270:72
295            android:name="com.matriapp.mobile.activities.Registration.RegistrationCreatedByActivity"